Thu Jun 11 15:29:50 UTC 2026
=== RAM ===
               total        used        free      shared  buff/cache   available
Mem:           15989        1036        8575          48        6772       14952
Swap:           3071           0        3071
=== CPU ===
top - 15:29:50 up 3 min,  0 user,  load average: 1.01, 0.60, 0.25
Tasks: 163 total,   1 running, 162 sleeping,   0 stopped,   0 zombie
%Cpu(s):  0.0 us,  2.4 sy,  0.0 ni, 97.6 id,  0.0 wa,  0.0 hi,  0.0 si,  0.0 st 
MiB Mem :  15989.7 total,   8575.3 free,   1036.1 used,   6773.2 buff/cache     
MiB Swap:   3072.0 total,   3072.0 free,      0.0 used.  14953.7 avail Mem 

    PID USER      PR  NI    VIRT    RES    SHR S  %CPU  %MEM     TIME+ COMMAND
   2165 runner    20   0  261.8g 140452  88700 S  18.2   0.9   0:04.78 Runner.+
      1 root      20   0   22856  14408   9872 S   0.0   0.1   0:03.13 systemd
      2 root      20   0       0      0      0 S   0.0   0.0   0:00.00 kthreadd
      3 root      20   0       0      0      0 S   0.0   0.0   0:00.00 pool_wo+
      4 root       0 -20       0      0      0 I   0.0   0.0   0:00.00 kworker+
      5 root       0 -20       0      0      0 I   0.0   0.0   0:00.00 kworker+
      6 root       0 -20       0      0      0 I   0.0   0.0   0:00.00 kworker+
      7 root       0 -20       0      0      0 I   0.0   0.0   0:00.00 kworker+
-------------------
Thu Jun 11 15:29:55 UTC 2026
=== RAM ===
               total        used        free      shared  buff/cache   available
Mem:           15989        1029        8581          48        6773       14960
Swap:           3071           0        3071
=== CPU ===
top - 15:29:55 up 3 min,  0 user,  load average: 1.01, 0.60, 0.25
Tasks: 167 total,   2 running, 165 sleeping,   0 stopped,   0 zombie
%Cpu(s): 31.0 us,  4.8 sy,  0.0 ni, 64.3 id,  0.0 wa,  0.0 hi,  0.0 si,  0.0 st 
MiB Mem :  15989.7 total,   8552.4 free,   1058.8 used,   6773.6 buff/cache     
MiB Swap:   3072.0 total,   3072.0 free,      0.0 used.  14930.9 avail Mem 

    PID USER      PR  NI    VIRT    RES    SHR S  %CPU  %MEM     TIME+ COMMAND
   5762 runner    20   0 1108796 114248  43280 R 136.4   0.7   0:00.36 node
   2165 runner    20   0  261.9g 142216  88932 S  27.3   0.9   0:04.90 Runner.+
      1 root      20   0   22856  14408   9872 S   0.0   0.1   0:03.13 systemd
      2 root      20   0       0      0      0 S   0.0   0.0   0:00.00 kthreadd
      3 root      20   0       0      0      0 S   0.0   0.0   0:00.00 pool_wo+
      4 root       0 -20       0      0      0 I   0.0   0.0   0:00.00 kworker+
      5 root       0 -20       0      0      0 I   0.0   0.0   0:00.00 kworker+
      6 root       0 -20       0      0      0 I   0.0   0.0   0:00.00 kworker+
-------------------
Thu Jun 11 15:30:00 UTC 2026
=== RAM ===
               total        used        free      shared  buff/cache   available
Mem:           15989        2049        7515          48        6820       13940
Swap:           3071           0        3071
=== CPU ===
top - 15:30:01 up 3 min,  0 user,  load average: 1.09, 0.63, 0.26
Tasks: 181 total,   1 running, 180 sleeping,   0 stopped,   0 zombie
%Cpu(s):  2.3 us,  0.0 sy,  0.0 ni, 48.8 id, 48.8 wa,  0.0 hi,  0.0 si,  0.0 st 
MiB Mem :  15989.7 total,   7513.5 free,   2050.8 used,   6820.7 buff/cache     
MiB Swap:   3072.0 total,   3072.0 free,      0.0 used.  13938.9 avail Mem 

    PID USER      PR  NI    VIRT    RES    SHR S  %CPU  %MEM     TIME+ COMMAND
      1 root      20   0   22856  14408   9872 S   0.0   0.1   0:03.13 systemd
      2 root      20   0       0      0      0 S   0.0   0.0   0:00.00 kthreadd
      3 root      20   0       0      0      0 S   0.0   0.0   0:00.00 pool_wo+
      4 root       0 -20       0      0      0 I   0.0   0.0   0:00.00 kworker+
      5 root       0 -20       0      0      0 I   0.0   0.0   0:00.00 kworker+
      6 root       0 -20       0      0      0 I   0.0   0.0   0:00.00 kworker+
      7 root       0 -20       0      0      0 I   0.0   0.0   0:00.00 kworker+
      8 root       0 -20       0      0      0 I   0.0   0.0   0:00.00 kworker+
-------------------
Thu Jun 11 15:30:06 UTC 2026
=== RAM ===
               total        used        free      shared  buff/cache   available
Mem:           15989        2564        6874          48        6946       13425
Swap:           3071           0        3071
=== CPU ===
top - 15:30:06 up 3 min,  0 user,  load average: 1.32, 0.68, 0.28
Tasks: 187 total,   4 running, 183 sleeping,   0 stopped,   0 zombie
%Cpu(s): 80.4 us, 19.6 sy,  0.0 ni,  0.0 id,  0.0 wa,  0.0 hi,  0.0 si,  0.0 st 
MiB Mem :  15989.7 total,   6879.2 free,   2552.2 used,   6953.6 buff/cache     
MiB Swap:   3072.0 total,   3072.0 free,      0.0 used.  13437.5 avail Mem 

    PID USER      PR  NI    VIRT    RES    SHR S  %CPU  %MEM     TIME+ COMMAND
   6010 runner    20   0 1448.1g 116264  86248 R  83.3   0.7   0:00.18 chrome-+
   5805 runner    20   0   13.9g 493924  69292 R  50.0   3.0   0:04.82 node
   5881 runner    20   0   48.5g 134924  92316 S  41.7   0.8   0:02.38 chrome-+
   5893 runner    20   0   48.4g  95908  58920 S  41.7   0.6   0:02.48 chrome-+
   5829 runner    20   0   11.7g 194196  45716 R  33.3   1.2   0:01.71 node
   5923 runner    20   0   48.3g  76588  61692 S  33.3   0.5   0:00.31 chrome-+
   5853 runner    20   0   48.6g 130124 115304 S  25.0   0.8   0:01.33 chrome-+
   5956 runner    20   0  438960  29832   4076 S  25.0   0.2   0:00.88 ffmpeg-+
-------------------
Thu Jun 11 15:30:11 UTC 2026
=== RAM ===
               total        used        free      shared  buff/cache   available
Mem:           15989        2479        6965          48        6940       13510
Swap:           3071           0        3071
=== CPU ===
top - 15:30:11 up 3 min,  0 user,  load average: 2.10, 0.85, 0.34
Tasks: 187 total,   4 running, 183 sleeping,   0 stopped,   0 zombie
%Cpu(s): 70.5 us, 29.5 sy,  0.0 ni,  0.0 id,  0.0 wa,  0.0 hi,  0.0 si,  0.0 st 
MiB Mem :  15989.7 total,   6965.0 free,   2473.8 used,   6946.4 buff/cache     
MiB Swap:   3072.0 total,   3072.0 free,      0.0 used.  13515.9 avail Mem 

    PID USER      PR  NI    VIRT    RES    SHR S  %CPU  %MEM     TIME+ COMMAND
   2113 root      20   0 1397612  98416  61456 S  66.7   0.6   0:04.22 provjob+
   6036 runner    20   0 1448.2g 220772 159100 R  66.7   1.3   0:00.98 chrome-+
   6057 runner    20   0 1448.1g 112156  83752 R  58.3   0.7   0:00.15 chrome-+
   5893 runner    20   0   48.4g  93624  56776 S  41.7   0.6   0:06.18 chrome-+
   5805 runner    20   0   13.9g 498480  69292 R  33.3   3.0   0:05.36 node
   5829 runner    20   0   11.7g 205304  45716 S  33.3   1.3   0:02.28 node
   5853 runner    20   0   48.6g 131528 115368 S  25.0   0.8   0:02.97 chrome-+
   5923 runner    20   0   48.4g  75784  61888 S  25.0   0.5   0:00.53 chrome-+
-------------------
Thu Jun 11 15:30:16 UTC 2026
=== RAM ===
               total        used        free      shared  buff/cache   available
Mem:           15989        2429        6931          48        7023       13559
Swap:           3071           0        3071
=== CPU ===
top - 15:30:16 up 3 min,  0 user,  load average: 2.65, 0.99, 0.39
Tasks: 187 total,   4 running, 183 sleeping,   0 stopped,   0 zombie
%Cpu(s): 79.2 us, 14.6 sy,  0.0 ni,  6.2 id,  0.0 wa,  0.0 hi,  0.0 si,  0.0 st 
MiB Mem :  15989.7 total,   6922.8 free,   2437.1 used,   7025.1 buff/cache     
MiB Swap:   3072.0 total,   3072.0 free,      0.0 used.  13552.6 avail Mem 

    PID USER      PR  NI    VIRT    RES    SHR S  %CPU  %MEM     TIME+ COMMAND
   6204 runner    20   0 1448.2g 233744 165772 R 118.2   1.4   0:01.07 chrome-+
   2113 root      20   0 1397612  98480  61456 S 109.1   0.6   0:08.17 provjob+
   5893 runner    20   0   48.5g 121852  91992 S 100.0   0.7   0:09.21 chrome-+
   5853 runner    20   0   48.7g 141828 123704 R  81.8   0.9   0:03.90 chrome-+
   6057 runner    20   0 1448.2g 286216 180648 S   9.1   1.7   0:02.47 chrome-+
   6059 runner    20   0  563648  25244   4076 S   9.1   0.2   0:01.01 ffmpeg-+
   6250 runner    20   0   12376   5516   3372 R   9.1   0.0   0:00.01 top
      1 root      20   0   22856  14408   9872 S   0.0   0.1   0:03.14 systemd
-------------------
Thu Jun 11 15:30:21 UTC 2026
=== RAM ===
               total        used        free      shared  buff/cache   available
Mem:           15989        2495        6851          48        7038       13494
Swap:           3071           0        3071
=== CPU ===
top - 15:30:22 up 4 min,  0 user,  load average: 3.56, 1.20, 0.46
Tasks: 187 total,   4 running, 183 sleeping,   0 stopped,   0 zombie
%Cpu(s): 84.4 us, 15.6 sy,  0.0 ni,  0.0 id,  0.0 wa,  0.0 hi,  0.0 si,  0.0 st 
MiB Mem :  15989.7 total,   6851.3 free,   2495.1 used,   7038.6 buff/cache     
MiB Swap:   3072.0 total,   3072.0 free,      0.0 used.  13494.6 avail Mem 

    PID USER      PR  NI    VIRT    RES    SHR S  %CPU  %MEM     TIME+ COMMAND
   6204 runner    20   0 1448.2g 290876 182844 R  90.9   1.8   0:03.01 chrome-+
   2113 root      20   0 1397612  98480  61456 S  81.8   0.6   0:12.43 provjob+
   5881 runner    20   0   48.5g 126824  94728 S  81.8   0.8   0:12.32 chrome-+
   5893 runner    20   0   48.5g 119240  87292 S  45.5   0.7   0:11.90 chrome-+
   6293 runner    20   0 1448.2g 283024 184228 R  36.4   1.7   0:02.45 chrome-+
   5829 runner    20   0   11.7g 218456  45716 S  18.2   1.3   0:03.20 node
   5853 runner    20   0   48.7g 133064 115732 S  18.2   0.8   0:04.90 chrome-+
   6210 runner    20   0  438684  29396   4076 S  18.2   0.2   0:01.16 ffmpeg-+
-------------------
Thu Jun 11 15:30:27 UTC 2026
=== RAM ===
               total        used        free      shared  buff/cache   available
Mem:           15989        2463        6874          49        7047       13526
Swap:           3071           0        3071
=== CPU ===
top - 15:30:27 up 4 min,  0 user,  load average: 4.32, 1.40, 0.53
Tasks: 187 total,   2 running, 185 sleeping,   0 stopped,   0 zombie
%Cpu(s): 53.3 us, 26.7 sy,  0.0 ni, 20.0 id,  0.0 wa,  0.0 hi,  0.0 si,  0.0 st 
MiB Mem :  15989.7 total,   6870.5 free,   2467.4 used,   7047.2 buff/cache     
MiB Swap:   3072.0 total,   3072.0 free,      0.0 used.  13522.3 avail Mem 

    PID USER      PR  NI    VIRT    RES    SHR S  %CPU  %MEM     TIME+ COMMAND
   5881 runner    20   0   48.5g 129188  87712 S  90.9   0.8   0:15.87 chrome-+
   5893 runner    20   0   48.5g 120984  91168 S  90.9   0.7   0:15.59 chrome-+
   5852 runner    20   0   48.7g 135396 116096 S  18.2   0.8   0:06.71 chrome-+
   5853 runner    20   0   48.7g 134552 115740 S  18.2   0.8   0:06.39 chrome-+
   6322 runner    20   0  440140  31352   4076 S  18.2   0.2   0:00.57 ffmpeg-+
   6338 runner    20   0 1448.2g 275684 188844 R   9.1   1.7   0:01.68 chrome-+
   6339 runner    20   0  437408  27112   4076 S   9.1   0.2   0:00.48 ffmpeg-+
   6369 runner    20   0   12376   5504   3360 R   9.1   0.0   0:00.01 top
-------------------
Thu Jun 11 15:30:32 UTC 2026
=== RAM ===
               total        used        free      shared  buff/cache   available
Mem:           15989        2486        6839          49        7059       13503
Swap:           3071           0        3071
=== CPU ===
top - 15:30:32 up 4 min,  0 user,  load average: 4.21, 1.43, 0.54
Tasks: 187 total,   1 running, 186 sleeping,   0 stopped,   0 zombie
%Cpu(s): 45.2 us, 23.8 sy,  0.0 ni, 31.0 id,  0.0 wa,  0.0 hi,  0.0 si,  0.0 st 
MiB Mem :  15989.7 total,   6838.9 free,   2486.7 used,   7059.5 buff/cache     
MiB Swap:   3072.0 total,   3072.0 free,      0.0 used.  13503.0 avail Mem 

    PID USER      PR  NI    VIRT    RES    SHR S  %CPU  %MEM     TIME+ COMMAND
   5881 runner    20   0   48.5g 127044  90508 S 110.0   0.8   0:20.86 chrome-+
   5893 runner    20   0   48.5g 139520  98452 S 100.0   0.9   0:20.52 chrome-+
   5852 runner    20   0   48.7g 135520 116096 S  30.0   0.8   0:07.68 chrome-+
   2113 root      20   0 1397612  98480  61456 S  20.0   0.6   0:12.86 provjob+
   5828 runner    20   0   11.7g 218824  45776 S  20.0   1.3   0:03.58 node
   6321 runner    20   0 1448.2g 276340 181560 S  20.0   1.7   0:02.53 chrome-+
   6339 runner    20   0  437556  27556   4076 S  20.0   0.2   0:01.53 ffmpeg-+
   5853 runner    20   0   48.7g 133116 115740 S  10.0   0.8   0:07.63 chrome-+
-------------------
Thu Jun 11 15:30:37 UTC 2026
=== RAM ===
               total        used        free      shared  buff/cache   available
Mem:           15989        2374        7036          49        6974       13615
Swap:           3071           0        3071
=== CPU ===
top - 15:30:37 up 4 min,  0 user,  load average: 4.19, 1.47, 0.56
Tasks: 187 total,   2 running, 185 sleeping,   0 stopped,   0 zombie
%Cpu(s): 77.6 us, 20.4 sy,  0.0 ni,  2.0 id,  0.0 wa,  0.0 hi,  0.0 si,  0.0 st 
MiB Mem :  15989.7 total,   7033.5 free,   2367.6 used,   6984.1 buff/cache     
MiB Swap:   3072.0 total,   3072.0 free,      0.0 used.  13622.1 avail Mem 

    PID USER      PR  NI    VIRT    RES    SHR S  %CPU  %MEM     TIME+ COMMAND
   6402 runner    20   0 1448.1g 119464  87636 R 118.2   0.7   0:00.21 chrome-+
   5893 runner    20   0   48.5g 122892  87724 S  45.5   0.8   0:24.65 chrome-+
   5929 runner    20   0   48.3g  78592  62332 S  45.5   0.5   0:01.02 chrome-+
   5881 runner    20   0   48.4g  98200  58976 S  36.4   0.6   0:25.25 chrome-+
   5805 runner    20   0   13.9g 508504  69292 S  27.3   3.1   0:06.91 node
   5828 runner    20   0   11.7g 225188  45776 S  27.3   1.4   0:03.84 node
   5852 runner    20   0   48.7g 134716 116180 S  27.3   0.8   0:08.89 chrome-+
   5853 runner    20   0   48.7g 133280 115744 S  18.2   0.8   0:08.79 chrome-+
-------------------
Thu Jun 11 15:30:42 UTC 2026
=== RAM ===
               total        used        free      shared  buff/cache   available
Mem:           15989        2495        6813          49        7076       13493
Swap:           3071           0        3071
=== CPU ===
top - 15:30:43 up 4 min,  0 user,  load average: 4.10, 1.50, 0.58
Tasks: 187 total,   2 running, 185 sleeping,   0 stopped,   0 zombie
%Cpu(s): 72.1 us, 18.6 sy,  0.0 ni,  9.3 id,  0.0 wa,  0.0 hi,  0.0 si,  0.0 st 
MiB Mem :  15989.7 total,   6812.5 free,   2496.5 used,   7076.1 buff/cache     
MiB Swap:   3072.0 total,   3072.0 free,      0.0 used.  13493.2 avail Mem 

    PID USER      PR  NI    VIRT    RES    SHR S  %CPU  %MEM     TIME+ COMMAND
   5881 runner    20   0   48.5g 124064  92088 S 110.0   0.8   0:29.51 chrome-+
   5893 runner    20   0   48.5g 122844  88356 S 110.0   0.8   0:29.34 chrome-+
   5852 runner    20   0   48.7g 140588 120492 R  20.0   0.9   0:10.10 chrome-+
   5853 runner    20   0   48.7g 133248 115744 S  20.0   0.8   0:09.81 chrome-+
   6383 runner    20   0  437280  27120   4076 S  20.0   0.2   0:01.34 ffmpeg-+
   6403 runner    20   0  436704  26448   4076 S  20.0   0.2   0:01.05 ffmpeg-+
   5828 runner    20   0   11.7g 230752  45776 S  10.0   1.4   0:04.26 node
   5829 runner    20   0   11.7g 239896  45716 S  10.0   1.5   0:04.68 node
-------------------
Thu Jun 11 15:30:48 UTC 2026
=== RAM ===
               total        used        free      shared  buff/cache   available
Mem:           15989        2511        6805          49        7068       13478
Swap:           3071           0        3071
=== CPU ===
top - 15:30:48 up 4 min,  0 user,  load average: 4.41, 1.60, 0.62
Tasks: 187 total,   4 running, 183 sleeping,   0 stopped,   0 zombie
%Cpu(s): 68.2 us, 18.2 sy,  0.0 ni, 13.6 id,  0.0 wa,  0.0 hi,  0.0 si,  0.0 st 
MiB Mem :  15989.7 total,   6804.9 free,   2509.2 used,   7071.0 buff/cache     
MiB Swap:   3072.0 total,   3072.0 free,      0.0 used.  13480.5 avail Mem 

    PID USER      PR  NI    VIRT    RES    SHR S  %CPU  %MEM     TIME+ COMMAND
   5893 runner    20   0   48.5g 128612  86708 S 100.0   0.8   0:34.13 chrome-+
   5881 runner    20   0   48.5g 134332  92928 S  90.9   0.8   0:33.65 chrome-+
   5852 runner    20   0   48.7g 149640 128576 R  81.8   0.9   0:11.94 chrome-+
   6378 runner    20   0 1448.2g 281560 182004 R  36.4   1.7   0:03.01 chrome-+
   6435 runner    20   0 1448.2g 266512 179508 R  27.3   1.6   0:01.74 chrome-+
   5853 runner    20   0   48.7g 133084 115744 S  18.2   0.8   0:10.90 chrome-+
   5829 runner    20   0   11.7g 241956  45716 S   9.1   1.5   0:04.85 node
   6383 runner    20   0  437280  27160   4076 S   9.1   0.2   0:02.17 ffmpeg-+
-------------------
Thu Jun 11 15:30:53 UTC 2026
=== RAM ===
               total        used        free      shared  buff/cache   available
Mem:           15989        2441        6897          49        7046       13548
Swap:           3071           0        3071
=== CPU ===
top - 15:30:53 up 4 min,  0 user,  load average: 5.18, 1.81, 0.69
Tasks: 187 total,   2 running, 185 sleeping,   0 stopped,   0 zombie
%Cpu(s): 74.4 us, 23.3 sy,  0.0 ni,  2.3 id,  0.0 wa,  0.0 hi,  0.0 si,  0.0 st 
MiB Mem :  15989.7 total,   6879.4 free,   2442.3 used,   7063.6 buff/cache     
MiB Swap:   3072.0 total,   3072.0 free,      0.0 used.  13547.4 avail Mem 

    PID USER      PR  NI    VIRT    RES    SHR S  %CPU  %MEM     TIME+ COMMAND
   6486 runner    20   0 1448.2g 243600 176544 R 136.4   1.5   0:01.07 chrome-+
   5881 runner    20   0   48.5g 133288  93240 S  90.9   0.8   0:37.48 chrome-+
   5852 runner    20   0   48.7g 140836 120476 S  18.2   0.9   0:13.63 chrome-+
   6470 runner    20   0  439460  30236   4076 S  18.2   0.2   0:00.68 ffmpeg-+
   5853 runner    20   0   48.7g 132892 115744 S   9.1   0.8   0:11.93 chrome-+
   6492 runner    20   0  437260  26144   4076 S   9.1   0.2   0:00.12 ffmpeg-+
   6511 runner    20   0   12376   5496   3352 R   9.1   0.0   0:00.01 top
      1 root      20   0   22856  14408   9872 S   0.0   0.1   0:03.14 systemd
-------------------
Thu Jun 11 15:30:58 UTC 2026
=== RAM ===
               total        used        free      shared  buff/cache   available
Mem:           15989        2528        6757          49        7099       13461
Swap:           3071           0        3071
=== CPU ===
top - 15:30:58 up 4 min,  0 user,  load average: 5.00, 1.83, 0.70
Tasks: 187 total,   5 running, 182 sleeping,   0 stopped,   0 zombie
%Cpu(s): 73.9 us, 23.9 sy,  0.0 ni,  2.2 id,  0.0 wa,  0.0 hi,  0.0 si,  0.0 st 
MiB Mem :  15989.7 total,   6925.8 free,   2446.4 used,   7013.0 buff/cache     
MiB Swap:   3072.0 total,   3072.0 free,      0.0 used.  13543.3 avail Mem 

    PID USER      PR  NI    VIRT    RES    SHR S  %CPU  %MEM     TIME+ COMMAND
   5893 runner    20   0   48.5g 128804  96052 S  81.8   0.8   0:42.64 chrome-+
   5828 runner    20   0   11.8g 251144  45840 S  72.7   1.5   0:05.49 node
   5853 runner    20   0   48.7g 133956 116536 S  63.6   0.8   0:13.59 chrome-+
   6492 runner    20   0  437552  27496   4076 S  54.5   0.2   0:01.11 ffmpeg-+
   5829 runner    20   0   11.8g 253064  45716 R  27.3   1.5   0:05.56 node
   6486 runner    20   0 1448.2g 287092 189060 R  18.2   1.8   0:02.48 chrome-+
   6518 runner    20   0 1448.0g  64324  51644 R  18.2   0.4   0:00.02 chrome-+
   5852 runner    20   0   48.7g 138624 120304 R   9.1   0.8   0:15.67 chrome-+
-------------------
Thu Jun 11 15:31:03 UTC 2026
=== RAM ===
               total        used        free      shared  buff/cache   available
Mem:           15989        2508        6797          49        7079       13481
Swap:           3071           0        3071
=== CPU ===
top - 15:31:04 up 4 min,  0 user,  load average: 5.08, 1.90, 0.73
Tasks: 187 total,   2 running, 185 sleeping,   0 stopped,   0 zombie
%Cpu(s): 81.4 us, 16.3 sy,  0.0 ni,  2.3 id,  0.0 wa,  0.0 hi,  0.0 si,  0.0 st 
MiB Mem :  15989.7 total,   6795.9 free,   2510.2 used,   7079.1 buff/cache     
MiB Swap:   3072.0 total,   3072.0 free,      0.0 used.  13479.5 avail Mem 

    PID USER      PR  NI    VIRT    RES    SHR S  %CPU  %MEM     TIME+ COMMAND
   6540 runner    20   0 1448.2g 270816 180192 R 110.0   1.7   0:01.80 chrome-+
   5881 runner    20   0   48.5g 125864  90064 S  90.0   0.8   0:45.34 chrome-+
   5893 runner    20   0   48.5g 121436  88976 S  90.0   0.7   0:46.89 chrome-+
   5852 runner    20   0   48.7g 139976 120924 S  30.0   0.9   0:17.25 chrome-+
   5853 runner    20   0   48.7g 133880 116664 S  30.0   0.8   0:14.65 chrome-+
   6544 runner    20   0  437036  26560   4076 S  20.0   0.2   0:00.34 ffmpeg-+
   5828 runner    20   0   11.8g 257280  45968 S  10.0   1.6   0:06.16 node
   6492 runner    20   0  437552  27532   4076 S  10.0   0.2   0:01.99 ffmpeg-+
-------------------
Thu Jun 11 15:31:09 UTC 2026
=== RAM ===
               total        used        free      shared  buff/cache   available
Mem:           15989        2450        6928          49        7005       13538
Swap:           3071           0        3071
=== CPU ===
top - 15:31:09 up 4 min,  0 user,  load average: 5.48, 2.03, 0.78
Tasks: 187 total,   5 running, 182 sleeping,   0 stopped,   0 zombie
%Cpu(s): 69.0 us, 16.7 sy,  0.0 ni, 14.3 id,  0.0 wa,  0.0 hi,  0.0 si,  0.0 st 
MiB Mem :  15989.7 total,   6903.8 free,   2448.8 used,   7032.6 buff/cache     
MiB Swap:   3072.0 total,   3072.0 free,      0.0 used.  13540.9 avail Mem 

    PID USER      PR  NI    VIRT    RES    SHR S  %CPU  %MEM     TIME+ COMMAND
   6591 runner    20   0 1448.2g 242824 173556 R 100.0   1.5   0:01.14 chrome-+
   6611 runner    20   0 1448.2g 170560 129220 R 100.0   1.0   0:00.49 chrome-+
   5893 runner    20   0   48.5g 113424  73528 S  45.5   0.7   0:50.84 chrome-+
   5853 runner    20   0   48.7g 132668 116632 R  27.3   0.8   0:16.38 chrome-+
   5923 runner    20   0   48.3g  79260  61892 S  27.3   0.5   0:01.78 chrome-+
   5829 runner    20   0   11.8g 260632  45780 S  18.2   1.6   0:06.16 node
   6612 runner    20   0  436060  24272   4076 S  18.2   0.1   0:00.05 ffmpeg-+
   5805 runner    20   0   14.0g 514972  69292 R   9.1   3.1   0:08.46 node
-------------------
Thu Jun 11 15:31:14 UTC 2026
=== RAM ===
               total        used        free      shared  buff/cache   available
Mem:           15989        2554        6737          49        7093       13435
Swap:           3071           0        3071
=== CPU ===
top - 15:31:14 up 4 min,  0 user,  load average: 5.44, 2.08, 0.80
Tasks: 187 total,   2 running, 185 sleeping,   0 stopped,   0 zombie
%Cpu(s): 82.0 us, 18.0 sy,  0.0 ni,  0.0 id,  0.0 wa,  0.0 hi,  0.0 si,  0.0 st 
MiB Mem :  15989.7 total,   6735.9 free,   2554.9 used,   7094.6 buff/cache     
MiB Swap:   3072.0 total,   3072.0 free,      0.0 used.  13434.8 avail Mem 

    PID USER      PR  NI    VIRT    RES    SHR S  %CPU  %MEM     TIME+ COMMAND
   5881 runner    20   0   48.5g 130416  87800 S  83.3   0.8   0:51.80 chrome-+
   5893 runner    20   0   48.5g 131700  97544 S  75.0   0.8   0:53.84 chrome-+
   6641 runner    20   0 1448.2g 266728 179808 R  66.7   1.6   0:01.90 chrome-+
   6664 runner    20   0 1448.2g 279908 194896 S  25.0   1.7   0:01.80 chrome-+
   5828 runner    20   0   11.8g 271796  45968 S  16.7   1.7   0:07.18 node
   5852 runner    20   0   48.7g 141224 120988 S  16.7   0.9   0:20.65 chrome-+
   6668 runner    20   0  438160  28336   4076 S  16.7   0.2   0:00.33 ffmpeg-+
   2113 root      20   0 1397612  98548  61520 S   8.3   0.6   0:12.98 provjob+
-------------------
Thu Jun 11 15:31:19 UTC 2026
=== RAM ===
               total        used        free      shared  buff/cache   available
Mem:           15989        2626        6651          49        7107       13363
Swap:           3071           0        3071
=== CPU ===
top - 15:31:19 up 4 min,  0 user,  load average: 5.89, 2.23, 0.86
Tasks: 187 total,   4 running, 183 sleeping,   0 stopped,   0 zombie
%Cpu(s): 39.5 us,  9.3 sy,  0.0 ni, 51.2 id,  0.0 wa,  0.0 hi,  0.0 si,  0.0 st 
MiB Mem :  15989.7 total,   6647.4 free,   2622.0 used,   7116.1 buff/cache     
MiB Swap:   3072.0 total,   3072.0 free,      0.0 used.  13367.7 avail Mem 

    PID USER      PR  NI    VIRT    RES    SHR S  %CPU  %MEM     TIME+ COMMAND
   5853 runner    20   0   48.7g 151024 129156 R  90.9   0.9   0:19.78 chrome-+
   5893 runner    20   0   48.5g 132672 100104 S  81.8   0.8   0:57.39 chrome-+
   6737 runner    20   0   12376   5516   3372 R   9.1   0.0   0:00.01 top
      1 root      20   0   22856  14408   9872 S   0.0   0.1   0:03.14 systemd
      2 root      20   0       0      0      0 S   0.0   0.0   0:00.00 kthreadd
      3 root      20   0       0      0      0 S   0.0   0.0   0:00.00 pool_wo+
      4 root       0 -20       0      0      0 I   0.0   0.0   0:00.00 kworker+
      5 root       0 -20       0      0      0 I   0.0   0.0   0:00.00 kworker+
-------------------
Thu Jun 11 15:31:24 UTC 2026
=== RAM ===
               total        used        free      shared  buff/cache   available
Mem:           15989        2628        6642          49        7114       13361
Swap:           3071           0        3071
=== CPU ===
top - 15:31:25 up 5 min,  0 user,  load average: 6.13, 2.35, 0.90
Tasks: 187 total,   3 running, 184 sleeping,   0 stopped,   0 zombie
%Cpu(s): 73.9 us, 23.9 sy,  0.0 ni,  2.2 id,  0.0 wa,  0.0 hi,  0.0 si,  0.0 st 
MiB Mem :  15989.7 total,   6637.0 free,   2641.7 used,   7106.8 buff/cache     
MiB Swap:   3072.0 total,   3072.0 free,      0.0 used.  13348.0 avail Mem 

    PID USER      PR  NI    VIRT    RES    SHR S  %CPU  %MEM     TIME+ COMMAND
   6763 runner    20   0  440140  31300   4076 S 154.5   0.2   0:00.60 ffmpeg-+
   5893 runner    20   0   48.5g 118096  85008 S  81.8   0.7   1:00.43 chrome-+
   5881 runner    20   0   48.5g 133160  98432 S  63.6   0.8   0:57.53 chrome-+
   5853 runner    20   0   48.7g 138364 121056 S  18.2   0.8   0:21.49 chrome-+
   6789 runner    20   0  437600  27564   4076 S  18.2   0.2   0:00.25 ffmpeg-+
   5828 runner    20   0   11.9g 299520  45968 S   9.1   1.8   0:08.08 node
   5829 runner    20   0   11.8g 298236  45780 R   9.1   1.8   0:07.91 node
   5852 runner    20   0   48.7g 141152 120988 S   9.1   0.9   0:24.03 chrome-+
-------------------
Thu Jun 11 15:31:30 UTC 2026
=== RAM ===
               total        used        free      shared  buff/cache   available
Mem:           15989        2508        6846          49        7030       13480
Swap:           3071           0        3071
=== CPU ===
top - 15:31:30 up 5 min,  0 user,  load average: 5.88, 2.36, 0.91
Tasks: 187 total,   3 running, 184 sleeping,   0 stopped,   0 zombie
%Cpu(s): 73.1 us, 25.0 sy,  0.0 ni,  1.9 id,  0.0 wa,  0.0 hi,  0.0 si,  0.0 st 
MiB Mem :  15989.7 total,   6843.8 free,   2506.1 used,   7035.3 buff/cache     
MiB Swap:   3072.0 total,   3072.0 free,      0.0 used.  13483.6 avail Mem 

    PID USER      PR  NI    VIRT    RES    SHR S  %CPU  %MEM     TIME+ COMMAND
   5893 runner    20   0   48.5g 115692  85240 S  91.7   0.7   1:02.48 chrome-+
   6832 runner    20   0 1448.2g 257416 175004 R  91.7   1.6   0:01.51 chrome-+
   6854 runner    20   0 1448.1g 130036  94820 S  83.3   0.8   0:00.26 chrome-+
   5853 runner    20   0   48.7g 139080 121056 R  25.0   0.8   0:22.88 chrome-+
   5929 runner    20   0   48.3g  83044  65396 S  25.0   0.5   0:03.65 chrome-+
   5805 runner    20   0   14.0g 527300  69292 S  16.7   3.2   0:10.30 node
   5852 runner    20   0   48.7g 141748 120948 S  16.7   0.9   0:25.22 chrome-+
   6833 runner    20   0  437456  27196   4076 S  16.7   0.2   0:00.28 ffmpeg-+
-------------------
Thu Jun 11 15:31:35 UTC 2026
=== RAM ===
               total        used        free      shared  buff/cache   available
Mem:           15989        2466        6791          49        7127       13523
Swap:           3071           0        3071
=== CPU ===
top - 15:31:35 up 5 min,  0 user,  load average: 6.45, 2.53, 0.98
Tasks: 188 total,   3 running, 185 sleeping,   0 stopped,   0 zombie
%Cpu(s): 67.4 us, 28.3 sy,  0.0 ni,  4.3 id,  0.0 wa,  0.0 hi,  0.0 si,  0.0 st 
MiB Mem :  15989.7 total,   6870.8 free,   2472.7 used,   7041.8 buff/cache     
MiB Swap:   3072.0 total,   3072.0 free,      0.0 used.  13517.0 avail Mem 

    PID USER      PR  NI    VIRT    RES    SHR S  %CPU  %MEM     TIME+ COMMAND
   6892 runner    20   0 1448.0g 111480  82792 R  90.9   0.7   0:00.16 chrome-+
   5881 runner    20   0   48.5g 130912  94224 S  63.6   0.8   1:03.15 chrome-+
   5805 runner    20   0   14.0g 530116  69292 S  54.5   3.2   0:10.55 node
   5893 runner    20   0   48.4g  94328  56360 S  54.5   0.6   1:03.74 chrome-+
   5923 runner    20   0   48.4g  79444  65168 S  45.5   0.5   0:03.17 chrome-+
   5853 runner    20   0   48.7g 137992 121012 S  36.4   0.8   0:24.04 chrome-+
   5829 runner    20   0   11.7g 224792  45780 S  18.2   1.4   0:08.96 node
   6860 runner    20   0  439184  29980   4076 S  18.2   0.2   0:00.99 ffmpeg-+
-------------------
Thu Jun 11 15:31:40 UTC 2026
=== RAM ===
               total        used        free      shared  buff/cache   available
Mem:           15989        2373        6963          49        7048       13616
Swap:           3071           0        3071
=== CPU ===
top - 15:31:40 up 5 min,  0 user,  load average: 6.45, 2.66, 1.04
Tasks: 188 total,   3 running, 185 sleeping,   0 stopped,   0 zombie
%Cpu(s): 75.0 us, 18.8 sy,  0.0 ni,  6.2 id,  0.0 wa,  0.0 hi,  0.0 si,  0.0 st 
MiB Mem :  15989.7 total,   6957.6 free,   2372.7 used,   7055.4 buff/cache     
MiB Swap:   3072.0 total,   3072.0 free,      0.0 used.  13617.0 avail Mem 

    PID USER      PR  NI    VIRT    RES    SHR S  %CPU  %MEM     TIME+ COMMAND
   6931 runner    20   0 1448.1g 119512  86536 S  91.7   0.7   0:00.18 chrome-+
   5893 runner    20   0   48.5g 127692  94264 S  50.0   0.8   1:07.52 chrome-+
   5805 runner    20   0   13.9g 514856  69292 R  33.3   3.1   0:10.88 node
   5852 runner    20   0   48.7g 140592 121136 S  33.3   0.9   0:28.62 chrome-+
   5881 runner    20   0   48.4g  97516  58452 S  33.3   0.6   1:07.27 chrome-+
   5929 runner    20   0   48.3g  82268  65392 S  33.3   0.5   0:04.01 chrome-+
   6893 runner    20   0  437908  28172   4076 S  33.3   0.2   0:00.98 ffmpeg-+
   6892 runner    20   0 1448.2g 262020 177896 S  25.0   1.6   0:01.72 chrome-+
-------------------
Thu Jun 11 15:31:45 UTC 2026
=== RAM ===
               total        used        free      shared  buff/cache   available
Mem:           15989        2490        6760          49        7134       13499
Swap:           3071           0        3071
=== CPU ===
top - 15:31:46 up 5 min,  0 user,  load average: 7.06, 2.85, 1.11
Tasks: 188 total,   3 running, 185 sleeping,   0 stopped,   0 zombie
%Cpu(s): 78.3 us, 17.4 sy,  0.0 ni,  4.3 id,  0.0 wa,  0.0 hi,  0.0 si,  0.0 st 
MiB Mem :  15989.7 total,   6755.0 free,   2502.9 used,   7127.5 buff/cache     
MiB Swap:   3072.0 total,   3072.0 free,      0.0 used.  13486.8 avail Mem 

    PID USER      PR  NI    VIRT    RES    SHR S  %CPU  %MEM     TIME+ COMMAND
   6937 runner    20   0  440660  33100   4076 S 108.3   0.2   0:01.14 ffmpeg-+
   6957 runner    20   0 1448.2g 268808 175120 R  75.0   1.6   0:01.92 chrome-+
   5893 runner    20   0   48.5g 117448  87100 S  66.7   0.7   1:11.15 chrome-+
   5881 runner    20   0   48.5g 132136  94156 S  58.3   0.8   1:10.92 chrome-+
   5829 runner    20   0   11.7g 223356  45780 R  16.7   1.4   0:10.37 node
   5853 runner    20   0   48.7g 140692 121056 S  16.7   0.9   0:26.87 chrome-+
   5923 runner    20   0   48.3g  86716  65088 S  16.7   0.5   0:03.66 chrome-+
   6965 runner    20   0  436260  25452   4076 S  16.7   0.2   0:00.39 ffmpeg-+
-------------------
Thu Jun 11 15:31:51 UTC 2026
=== RAM ===
               total        used        free      shared  buff/cache   available
Mem:           15989        2502        6742          49        7139       13487
Swap:           3071           0        3071
=== CPU ===
top - 15:31:51 up 5 min,  0 user,  load average: 6.89, 2.89, 1.13
Tasks: 187 total,   2 running, 185 sleeping,   0 stopped,   0 zombie
%Cpu(s): 69.8 us, 16.3 sy,  0.0 ni, 14.0 id,  0.0 wa,  0.0 hi,  0.0 si,  0.0 st 
MiB Mem :  15989.7 total,   6742.7 free,   2498.7 used,   7144.1 buff/cache     
MiB Swap:   3072.0 total,   3072.0 free,      0.0 used.  13491.0 avail Mem 

    PID USER      PR  NI    VIRT    RES    SHR S  %CPU  %MEM     TIME+ COMMAND
   5852 runner    20   0   48.7g 146212 122860 R 100.0   0.9   0:31.55 chrome-+
   5893 runner    20   0   48.5g 123232  92204 S  90.9   0.8   1:14.63 chrome-+
   5881 runner    20   0   48.5g 137160  95252 S  72.7   0.8   1:14.55 chrome-+
   5853 runner    20   0   48.7g 139368 121056 S  18.2   0.9   0:28.36 chrome-+
   5828 runner    20   0   11.8g 231976  45968 S   9.1   1.4   0:11.59 node
   7017 runner    20   0  439532  30316   4076 S   9.1   0.2   0:00.67 ffmpeg-+
   7036 runner    20   0   12376   5512   3368 R   9.1   0.0   0:00.01 top
      1 root      20   0   22856  14408   9872 S   0.0   0.1   0:03.16 systemd
-------------------
Thu Jun 11 15:31:56 UTC 2026
=== RAM ===
               total        used        free      shared  buff/cache   available
Mem:           15989        2456        6789          49        7139       13532
Swap:           3071           0        3071
=== CPU ===
top - 15:31:56 up 5 min,  0 user,  load average: 7.38, 3.06, 1.19
Tasks: 177 total,   1 running, 176 sleeping,   0 stopped,   0 zombie
%Cpu(s): 58.5 us, 12.2 sy,  0.0 ni, 29.3 id,  0.0 wa,  0.0 hi,  0.0 si,  0.0 st 
MiB Mem :  15989.7 total,   6790.6 free,   2455.3 used,   7139.5 buff/cache     
MiB Swap:   3072.0 total,   3072.0 free,      0.0 used.  13534.4 avail Mem 

    PID USER      PR  NI    VIRT    RES    SHR S  %CPU  %MEM     TIME+ COMMAND
   5893 runner    20   0   48.5g 128432  88936 S 100.0   0.8   1:18.78 chrome-+
   5881 runner    20   0   48.5g 145520  97656 S  72.7   0.9   1:17.30 chrome-+
   6996 runner    20   0  439032  29740   4076 S  36.4   0.2   0:01.76 ffmpeg-+
   6990 runner    20   0 1448.2g 284520 174612 S  27.3   1.7   0:03.32 chrome-+
   5852 runner    20   0   48.7g 144416 122860 S  18.2   0.9   0:32.53 chrome-+
   5853 runner    20   0   48.7g 140500 122556 S  18.2   0.9   0:30.42 chrome-+
   7046 runner    20   0  435484  24264   4076 S  18.2   0.1   0:00.42 ffmpeg-+
   5828 runner    20   0   11.8g 229824  45968 S   9.1   1.4   0:12.05 node
-------------------
Thu Jun 11 15:32:01 UTC 2026
=== RAM ===
               total        used        free      shared  buff/cache   available
Mem:           15989        2488        6751          49        7146       13501
Swap:           3071           0        3071
=== CPU ===
top - 15:32:01 up 5 min,  0 user,  load average: 7.03, 3.06, 1.20
Tasks: 177 total,   1 running, 176 sleeping,   0 stopped,   0 zombie
%Cpu(s): 59.5 us, 19.0 sy,  0.0 ni, 21.4 id,  0.0 wa,  0.0 hi,  0.0 si,  0.0 st 
MiB Mem :  15989.7 total,   6749.3 free,   2490.1 used,   7146.2 buff/cache     
MiB Swap:   3072.0 total,   3072.0 free,      0.0 used.  13499.6 avail Mem 

    PID USER      PR  NI    VIRT    RES    SHR S  %CPU  %MEM     TIME+ COMMAND
   5881 runner    20   0   48.5g 125564  89260 S 100.0   0.8   1:19.75 chrome-+
   5893 runner    20   0   48.5g 121376  89420 S  90.9   0.7   1:23.23 chrome-+
   5853 runner    20   0   48.7g 140564 122556 S  27.3   0.9   0:31.77 chrome-+
   5852 runner    20   0   48.7g 143436 122860 S  18.2   0.9   0:33.90 chrome-+
   5828 runner    20   0   11.8g 232272  45968 S   9.1   1.4   0:12.76 node
   7046 runner    20   0  436284  25832   4076 S   9.1   0.2   0:01.31 ffmpeg-+
   7068 runner    20   0 1448.2g 294448 181652 S   9.1   1.8   0:02.64 chrome-+
   7071 runner    20   0  439384  30188   4076 S   9.1   0.2   0:00.70 ffmpeg-+
-------------------
Thu Jun 11 15:32:06 UTC 2026
=== RAM ===
               total        used        free      shared  buff/cache   available
Mem:           15989        2532        6692          49        7160       13456
Swap:           3071           0        3071
=== CPU ===
top - 15:32:07 up 5 min,  0 user,  load average: 6.63, 3.04, 1.21
Tasks: 177 total,   1 running, 176 sleeping,   0 stopped,   0 zombie
%Cpu(s): 82.2 us, 15.6 sy,  0.0 ni,  2.2 id,  0.0 wa,  0.0 hi,  0.0 si,  0.0 st 
MiB Mem :  15989.7 total,   6691.8 free,   2533.0 used,   7160.8 buff/cache     
MiB Swap:   3072.0 total,   3072.0 free,      0.0 used.  13456.7 avail Mem 

    PID USER      PR  NI    VIRT    RES    SHR S  %CPU  %MEM     TIME+ COMMAND
   5881 runner    20   0   48.5g 130120  95164 S  81.8   0.8   1:24.09 chrome-+
   5893 runner    20   0   48.5g 127392  95192 S  81.8   0.8   1:27.01 chrome-+
   7068 runner    20   0 1448.2g 324732 183648 S  36.4   2.0   0:04.07 chrome-+
   7096 runner    20   0  436352  25488   4076 S  27.3   0.2   0:00.56 ffmpeg-+
   5853 runner    20   0   48.7g 140768 122556 S  18.2   0.9   0:33.47 chrome-+
   7071 runner    20   0  439532  30556   4076 S  18.2   0.2   0:01.67 ffmpeg-+
   5852 runner    20   0   48.7g 143540 122860 S   9.1   0.9   0:35.17 chrome-+
   5923 runner    20   0   48.3g  90008  68992 S   9.1   0.5   0:04.41 chrome-+
-------------------
Thu Jun 11 15:32:12 UTC 2026
=== RAM ===
               total        used        free      shared  buff/cache   available
Mem:           15989        2453        6780          49        7150       13536
Swap:           3071           0        3071
=== CPU ===
top - 15:32:12 up 5 min,  0 user,  load average: 6.26, 3.02, 1.21
Tasks: 176 total,   1 running, 175 sleeping,   0 stopped,   0 zombie
%Cpu(s): 60.0 us, 15.0 sy,  0.0 ni, 25.0 id,  0.0 wa,  0.0 hi,  0.0 si,  0.0 st 
MiB Mem :  15989.7 total,   6779.9 free,   2454.7 used,   7151.0 buff/cache     
MiB Swap:   3072.0 total,   3072.0 free,      0.0 used.  13535.0 avail Mem 

    PID USER      PR  NI    VIRT    RES    SHR S  %CPU  %MEM     TIME+ COMMAND
   5881 runner    20   0   48.5g 125208  90240 S 100.0   0.8   1:28.02 chrome-+
   5893 runner    20   0   48.5g 119932  89496 S  81.8   0.7   1:31.63 chrome-+
   5852 runner    20   0   48.7g 143160 122860 S  27.3   0.9   0:36.72 chrome-+
   5853 runner    20   0   48.7g 141936 122556 S  27.3   0.9   0:34.76 chrome-+
   7096 runner    20   0  436352  25880   4076 S  18.2   0.2   0:01.48 ffmpeg-+
   7123 runner    20   0 1448.2g 261560 179432 S  18.2   1.6   0:01.79 chrome-+
   7131 runner    20   0  437808  27780   4076 S  18.2   0.2   0:00.54 ffmpeg-+
   2165 runner    20   0  261.9g 140504  88992 S   9.1   0.9   0:06.83 Runner.+
-------------------
Thu Jun 11 15:32:17 UTC 2026
=== RAM ===
               total        used        free      shared  buff/cache   available
Mem:           15989        2491        6724          49        7169       13497
Swap:           3071           0        3071
=== CPU ===
top - 15:32:17 up 5 min,  0 user,  load average: 6.32, 3.09, 1.24
Tasks: 176 total,   1 running, 175 sleeping,   0 stopped,   0 zombie
%Cpu(s): 60.5 us, 16.3 sy,  0.0 ni, 23.3 id,  0.0 wa,  0.0 hi,  0.0 si,  0.0 st 
MiB Mem :  15989.7 total,   6720.6 free,   2495.4 used,   7169.6 buff/cache     
MiB Swap:   3072.0 total,   3072.0 free,      0.0 used.  13494.3 avail Mem 

    PID USER      PR  NI    VIRT    RES    SHR S  %CPU  %MEM     TIME+ COMMAND
   5881 runner    20   0   48.5g 121212  88828 S  90.9   0.7   1:31.48 chrome-+
   5893 runner    20   0   48.5g 128256  94644 S  81.8   0.8   1:35.32 chrome-+
   5852 runner    20   0   48.7g 144616 122872 S  27.3   0.9   0:37.98 chrome-+
   7149 runner    20   0 1448.2g 277656 186264 S  27.3   1.7   0:02.21 chrome-+
   5853 runner    20   0   48.7g 141100 122556 S  18.2   0.9   0:36.02 chrome-+
   7154 runner    20   0  437128  26732   4076 S  18.2   0.2   0:00.85 ffmpeg-+
   7175 runner    20   0  437736  27768   4076 S  18.2   0.2   0:00.56 ffmpeg-+
   5828 runner    20   0   11.8g 234684  45968 S   9.1   1.4   0:14.52 node
-------------------
Thu Jun 11 15:32:22 UTC 2026
=== RAM ===
               total        used        free      shared  buff/cache   available
Mem:           15989        2442        6786          49        7156       13547
Swap:           3071           0        3071
=== CPU ===
top - 15:32:22 up 6 min,  0 user,  load average: 6.29, 3.14, 1.27
Tasks: 176 total,   2 running, 174 sleeping,   0 stopped,   0 zombie
%Cpu(s): 77.3 us, 18.2 sy,  0.0 ni,  4.5 id,  0.0 wa,  0.0 hi,  0.0 si,  0.0 st 
MiB Mem :  15989.7 total,   6778.1 free,   2449.7 used,   7157.8 buff/cache     
MiB Swap:   3072.0 total,   3072.0 free,      0.0 used.  13540.0 avail Mem 

    PID USER      PR  NI    VIRT    RES    SHR S  %CPU  %MEM     TIME+ COMMAND
   5893 runner    20   0   48.5g 121884  88872 S  90.9   0.7   1:39.10 chrome-+
   7200 runner    20   0 1448.2g 261524 174196 R  90.9   1.6   0:01.69 chrome-+
   5881 runner    20   0   48.5g 128212  87236 S  72.7   0.8   1:35.14 chrome-+
   7221 runner    20   0 1448.2g 268260 180952 S  36.4   1.6   0:01.81 chrome-+
   5853 runner    20   0   48.7g 140752 122556 S  27.3   0.9   0:37.36 chrome-+
   5852 runner    20   0   48.7g 143364 122860 S  18.2   0.9   0:39.44 chrome-+
   7222 runner    20   0  436260  25520   4076 S  18.2   0.2   0:00.37 ffmpeg-+
   5829 runner    20   0   11.7g 228368  45780 S   9.1   1.4   0:14.60 node
-------------------
Thu Jun 11 15:32:27 UTC 2026
=== RAM ===
               total        used        free      shared  buff/cache   available
Mem:           15989        2466        6730          49        7188       13522
Swap:           3071           0        3071
=== CPU ===
top - 15:32:27 up 6 min,  0 user,  load average: 6.19, 3.17, 1.29
Tasks: 174 total,   4 running, 170 sleeping,   0 stopped,   0 zombie
%Cpu(s): 79.6 us, 16.3 sy,  0.0 ni,  4.1 id,  0.0 wa,  0.0 hi,  0.0 si,  0.0 st 
MiB Mem :  15989.7 total,   6736.6 free,   2467.7 used,   7181.3 buff/cache     
MiB Swap:   3072.0 total,   3072.0 free,      0.0 used.  13522.0 avail Mem 

    PID USER      PR  NI    VIRT    RES    SHR S  %CPU  %MEM     TIME+ COMMAND
   5881 runner    20   0   48.5g 117420  75460 R  83.3   0.7   1:39.80 chrome-+
   5893 runner    20   0   48.5g 138304 102324 S  75.0   0.8   1:43.77 chrome-+
   5852 runner    20   0   48.7g 141500 122764 R  25.0   0.9   0:41.25 chrome-+
   5828 runner    20   0   11.8g 235312  45968 S  16.7   1.4   0:15.37 node
   7222 runner    20   0  437208  27084   4076 S  16.7   0.2   0:01.39 ffmpeg-+
   5762 runner    20   0   11.7g 166980  48272 S   8.3   1.0   0:04.42 node
   5829 runner    20   0   11.7g 224512  45780 R   8.3   1.4   0:15.24 node
   5853 runner    20   0   48.7g 140300 122556 S   8.3   0.9   0:38.95 chrome-+
-------------------
Thu Jun 11 15:32:32 UTC 2026
=== RAM ===
               total        used        free      shared  buff/cache   available
Mem:           15989        2491        6693          49        7200       13498
Swap:           3071           0        3071
=== CPU ===
top - 15:32:33 up 6 min,  0 user,  load average: 6.33, 3.25, 1.32
Tasks: 177 total,   5 running, 172 sleeping,   0 stopped,   0 zombie
%Cpu(s): 79.6 us, 18.4 sy,  0.0 ni,  2.0 id,  0.0 wa,  0.0 hi,  0.0 si,  0.0 st 
MiB Mem :  15989.7 total,   6689.9 free,   2495.1 used,   7200.6 buff/cache     
MiB Swap:   3072.0 total,   3072.0 free,      0.0 used.  13494.6 avail Mem 

    PID USER      PR  NI    VIRT    RES    SHR S  %CPU  %MEM     TIME+ COMMAND
   5893 runner    20   0   48.5g 134240 100696 S  75.0   0.8   1:47.27 chrome-+
   7280 runner    20   0  440656  32400   4076 S  75.0   0.2   0:00.70 ffmpeg-+
   5829 runner    20   0   11.7g 230680  45780 R  66.7   1.4   0:16.22 node
   5853 runner    20   0   48.7g 140312 122556 S  66.7   0.9   0:40.94 chrome-+
   7252 runner    20   0 1448.2g 276652 180812 S  66.7   1.7   0:02.41 chrome-+
   5881 runner    20   0   48.5g 138676 102328 S  58.3   0.8   1:43.37 chrome-+
   5852 runner    20   0   48.7g 143556 122924 R  25.0   0.9   0:42.52 chrome-+
   7253 runner    20   0  438404  28552   4076 S  16.7   0.2   0:00.95 ffmpeg-+
-------------------
Thu Jun 11 15:32:38 UTC 2026
=== RAM ===
               total        used        free      shared  buff/cache   available
Mem:           15989        2440        6754          49        7191       13549
Swap:           3071           0        3071
=== CPU ===
top - 15:32:38 up 6 min,  0 user,  load average: 6.47, 3.33, 1.36
Tasks: 177 total,   2 running, 175 sleeping,   0 stopped,   0 zombie
%Cpu(s): 66.0 us, 14.9 sy,  0.0 ni, 19.1 id,  0.0 wa,  0.0 hi,  0.0 si,  0.0 st 
MiB Mem :  15989.7 total,   6750.3 free,   2444.1 used,   7191.2 buff/cache     
MiB Swap:   3072.0 total,   3072.0 free,      0.0 used.  13545.6 avail Mem 

    PID USER      PR  NI    VIRT    RES    SHR S  %CPU  %MEM     TIME+ COMMAND
   5881 runner    20   0   48.5g 129532  92912 S  91.7   0.8   1:46.90 chrome-+
   5893 runner    20   0   48.5g 123172  90476 S  91.7   0.8   1:50.69 chrome-+
   5828 runner    20   0   11.8g 233040  45968 S  41.7   1.4   0:16.73 node
   5853 runner    20   0   48.7g 140820 122624 S  25.0   0.9   0:42.01 chrome-+
   7309 runner    20   0  437128  26836   4076 S  25.0   0.2   0:00.94 ffmpeg-+
   7327 runner    20   0 1448.2g 275916 183620 R  25.0   1.7   0:01.98 chrome-+
   5852 runner    20   0   48.7g 143408 122928 S  16.7   0.9   0:44.22 chrome-+
     15 root      20   0       0      0      0 I   8.3   0.0   0:00.78 rcu_sch+
-------------------
Thu Jun 11 15:32:43 UTC 2026
=== RAM ===
               total        used        free      shared  buff/cache   available
Mem:           15989        2494        6704          49        7186       13495
Swap:           3071           0        3071
=== CPU ===
top - 15:32:43 up 6 min,  0 user,  load average: 6.59, 3.40, 1.40
Tasks: 177 total,   1 running, 176 sleeping,   0 stopped,   0 zombie
%Cpu(s): 53.5 us, 18.6 sy,  0.0 ni, 27.9 id,  0.0 wa,  0.0 hi,  0.0 si,  0.0 st 
MiB Mem :  15989.7 total,   6704.6 free,   2494.6 used,   7186.3 buff/cache     
MiB Swap:   3072.0 total,   3072.0 free,      0.0 used.  13495.1 avail Mem 

    PID USER      PR  NI    VIRT    RES    SHR S  %CPU  %MEM     TIME+ COMMAND
   5881 runner    20   0   48.5g 128912  90640 S 100.0   0.8   1:50.58 chrome-+
   5893 runner    20   0   48.5g 119808  88312 S  90.9   0.7   1:54.37 chrome-+
   5852 runner    20   0   48.7g 143140 122924 S  18.2   0.9   0:45.65 chrome-+
   5853 runner    20   0   48.7g 141072 122624 S  18.2   0.9   0:43.50 chrome-+
   7357 runner    20   0  437808  27844   4076 S  18.2   0.2   0:00.57 ffmpeg-+
   7379 runner    20   0  436684  26028   4076 S  18.2   0.2   0:00.45 ffmpeg-+
   7401 runner    20   0   12376   5496   3356 R   9.1   0.0   0:00.01 top
      1 root      20   0   22856  14408   9872 S   0.0   0.1   0:03.16 systemd
-------------------
Thu Jun 11 15:32:48 UTC 2026
=== RAM ===
               total        used        free      shared  buff/cache   available
Mem:           15989        2467        6712          49        7205       13522
Swap:           3071           0        3071
=== CPU ===
top - 15:32:48 up 6 min,  0 user,  load average: 6.30, 3.40, 1.41
Tasks: 177 total,   2 running, 175 sleeping,   0 stopped,   0 zombie
%Cpu(s): 59.5 us, 16.7 sy,  0.0 ni, 23.8 id,  0.0 wa,  0.0 hi,  0.0 si,  0.0 st 
MiB Mem :  15989.7 total,   6706.6 free,   2465.5 used,   7213.5 buff/cache     
MiB Swap:   3072.0 total,   3072.0 free,      0.0 used.  13524.2 avail Mem 

    PID USER      PR  NI    VIRT    RES    SHR S  %CPU  %MEM     TIME+ COMMAND
   5853 runner    20   0   48.7g 150036 130724 R  90.9   0.9   0:45.39 chrome-+
   5881 runner    20   0   48.5g 125644  93636 S  81.8   0.8   1:55.42 chrome-+
   5893 runner    20   0   48.5g 134656 100080 S  81.8   0.8   1:59.14 chrome-+
   7378 runner    20   0 1448.2g 278076 177244 S  36.4   1.7   0:02.55 chrome-+
   5852 runner    20   0   48.7g 143340 122924 S  27.3   0.9   0:46.97 chrome-+
   7379 runner    20   0  437484  27584   4076 S  18.2   0.2   0:01.41 ffmpeg-+
   5828 runner    20   0   11.8g 234960  45968 S   9.1   1.4   0:17.45 node
   7407 runner    20   0   12376   5504   3364 R   9.1   0.0   0:00.01 top
-------------------
Thu Jun 11 15:32:53 UTC 2026
=== RAM ===
               total        used        free      shared  buff/cache   available
Mem:           15989        2403        6865          49        7116       13585
Swap:           3071           0        3071
=== CPU ===
top - 15:32:54 up 6 min,  0 user,  load average: 6.20, 3.42, 1.43
Tasks: 177 total,   4 running, 173 sleeping,   0 stopped,   0 zombie
%Cpu(s): 71.1 us, 24.4 sy,  0.0 ni,  4.4 id,  0.0 wa,  0.0 hi,  0.0 si,  0.0 st 
MiB Mem :  15989.7 total,   6868.0 free,   2394.0 used,   7123.8 buff/cache     
MiB Swap:   3072.0 total,   3072.0 free,      0.0 used.  13595.7 avail Mem 

    PID USER      PR  NI    VIRT    RES    SHR S  %CPU  %MEM     TIME+ COMMAND
   7458 runner    20   0 1448.1g 114692  86024 R  58.3   0.7   0:00.15 chrome-+
   5805 runner    20   0   13.9g 497584  69292 S  50.0   3.0   0:15.26 node
   5893 runner    20   0   48.5g 124764  88508 S  50.0   0.8   2:02.15 chrome-+
   7433 runner    20   0 1448.2g 250612 177508 R  50.0   1.5   0:01.30 chrome-+
   5881 runner    20   0   48.4g  98600  59944 S  41.7   0.6   1:59.56 chrome-+
   7439 runner    20   0  436896  26416   4076 S  33.3   0.2   0:00.22 ffmpeg-+
   5829 runner    20   0   11.7g 233472  45780 R  25.0   1.4   0:18.63 node
   5852 runner    20   0   48.7g 143352 123664 S  25.0   0.9   0:48.38 chrome-+
-------------------
Thu Jun 11 15:32:59 UTC 2026
=== RAM ===
               total        used        free      shared  buff/cache   available
Mem:           15989        2482        6701          49        7201       13507
Swap:           3071           0        3071
=== CPU ===
top - 15:32:59 up 6 min,  0 user,  load average: 6.02, 3.43, 1.44
Tasks: 177 total,   2 running, 175 sleeping,   0 stopped,   0 zombie
%Cpu(s): 61.2 us, 20.4 sy,  0.0 ni, 18.4 id,  0.0 wa,  0.0 hi,  0.0 si,  0.0 st 
MiB Mem :  15989.7 total,   6701.2 free,   2474.8 used,   7209.6 buff/cache     
MiB Swap:   3072.0 total,   3072.0 free,      0.0 used.  13514.9 avail Mem 

    PID USER      PR  NI    VIRT    RES    SHR S  %CPU  %MEM     TIME+ COMMAND
   5853 runner    20   0   48.7g 150624 130720 R  76.9   0.9   0:48.29 chrome-+
   5881 runner    20   0   48.5g 122456  89656 S  61.5   0.7   2:02.53 chrome-+
   5893 runner    20   0   48.5g 126208  96032 S  61.5   0.8   2:05.61 chrome-+
   5852 runner    20   0   48.7g 145320 123772 S  23.1   0.9   0:49.63 chrome-+
   7502 runner    20   0  439364  30132   4076 S  15.4   0.2   0:00.43 ffmpeg-+
   5828 runner    20   0   11.8g 243716  46032 S   7.7   1.5   0:18.37 node
   7501 runner    20   0 1448.2g 263816 177156 S   7.7   1.6   0:01.87 chrome-+
   7524 runner    20   0   12376   5492   3352 R   7.7   0.0   0:00.01 top
-------------------
Thu Jun 11 15:33:04 UTC 2026
=== RAM ===
               total        used        free      shared  buff/cache   available
Mem:           15989        2427        6812          49        7145       13562
Swap:           3071           0        3071
=== CPU ===
top - 15:33:04 up 6 min,  0 user,  load average: 5.70, 3.41, 1.44
Tasks: 177 total,   1 running, 176 sleeping,   0 stopped,   0 zombie
%Cpu(s): 71.4 us, 26.2 sy,  0.0 ni,  2.4 id,  0.0 wa,  0.0 hi,  0.0 si,  0.0 st 
MiB Mem :  15989.7 total,   6799.2 free,   2440.4 used,   7146.1 buff/cache     
MiB Swap:   3072.0 total,   3072.0 free,      0.0 used.  13549.3 avail Mem 

    PID USER      PR  NI    VIRT    RES    SHR S  %CPU  %MEM     TIME+ COMMAND
   7549 runner    20   0 1448.1g 142704 104696 S 120.0   0.9   0:00.33 chrome-+
   5881 runner    20   0   48.5g 122724  88780 S 100.0   0.7   2:06.06 chrome-+
   7528 runner    20   0 1448.2g 282912 189236 S  80.0   1.7   0:02.19 chrome-+
   5852 runner    20   0   48.7g 145376 123912 S  20.0   0.9   0:51.29 chrome-+
   7534 runner    20   0  437056  26576   4076 S  20.0   0.2   0:00.54 ffmpeg-+
   5828 runner    20   0   11.8g 247276  46032 S  10.0   1.5   0:19.05 node
   5829 runner    20   0   11.7g 235112  45844 S  10.0   1.4   0:19.51 node
   5853 runner    20   0   48.7g 140204 122588 S  10.0   0.9   0:50.36 chrome-+
-------------------
Thu Jun 11 15:33:09 UTC 2026
=== RAM ===
               total        used        free      shared  buff/cache   available
Mem:           15989        2452        6788          49        7144       13536
Swap:           3071           0        3071
=== CPU ===
top - 15:33:09 up 6 min,  0 user,  load average: 5.72, 3.45, 1.47
Tasks: 177 total,   4 running, 173 sleeping,   0 stopped,   0 zombie
%Cpu(s): 69.6 us, 23.9 sy,  0.0 ni,  6.5 id,  0.0 wa,  0.0 hi,  0.0 si,  0.0 st 
MiB Mem :  15989.7 total,   6783.2 free,   2451.1 used,   7151.3 buff/cache     
MiB Swap:   3072.0 total,   3072.0 free,      0.0 used.  13538.6 avail Mem 

    PID USER      PR  NI    VIRT    RES    SHR S  %CPU  %MEM     TIME+ COMMAND
   7598 runner    20   0 1448.1g 118792  85540 R 109.1   0.7   0:00.21 chrome-+
   5923 runner    20   0   48.3g  85504  69692 S  54.5   0.5   0:06.79 chrome-+
   5881 runner    20   0   48.5g 132360 100068 S  45.5   0.8   2:09.85 chrome-+
   5805 runner    20   0   13.9g 496660  69292 R  27.3   3.0   0:16.63 node
   7576 runner    20   0 1448.2g 271284 178300 S  27.3   1.7   0:02.14 chrome-+
   5828 runner    20   0   11.8g 243020  46032 S  18.2   1.5   0:19.65 node
   5829 runner    20   0   11.7g 233124  45844 S  18.2   1.4   0:20.18 node
   5853 runner    20   0   48.7g 140212 122576 R  18.2   0.9   0:51.88 chrome-+
-------------------
Thu Jun 11 15:33:14 UTC 2026
=== RAM ===
               total        used        free      shared  buff/cache   available
Mem:           15989        2506        6660          49        7218       13483
Swap:           3071           0        3071
=== CPU ===
top - 15:33:15 up 6 min,  0 user,  load average: 5.58, 3.46, 1.48
Tasks: 177 total,   4 running, 173 sleeping,   0 stopped,   0 zombie
%Cpu(s): 62.8 us, 20.9 sy,  0.0 ni, 16.3 id,  0.0 wa,  0.0 hi,  0.0 si,  0.0 st 
MiB Mem :  15989.7 total,   6659.9 free,   2506.9 used,   7218.9 buff/cache     
MiB Swap:   3072.0 total,   3072.0 free,      0.0 used.  13482.8 avail Mem 

    PID USER      PR  NI    VIRT    RES    SHR S  %CPU  %MEM     TIME+ COMMAND
   5881 runner    20   0   48.5g 130796  93032 S 100.0   0.8   2:13.64 chrome-+
   5893 runner    20   0   48.5g 121964  89540 S  90.9   0.7   2:16.23 chrome-+
   5853 runner    20   0   48.7g 149616 130720 R  54.5   0.9   0:52.98 chrome-+
   7626 runner    20   0  437036  26680   4076 S  18.2   0.2   0:00.64 ffmpeg-+
   5852 runner    20   0   48.7g 145360 123900 S   9.1   0.9   0:54.62 chrome-+
   7598 runner    20   0 1448.2g 280004 180356 S   9.1   1.7   0:02.38 chrome-+
   7649 runner    20   0   12376   5496   3352 R   9.1   0.0   0:00.01 top
      1 root      20   0   22856  14408   9872 S   0.0   0.1   0:03.16 systemd
-------------------
Thu Jun 11 15:33:20 UTC 2026
=== RAM ===
               total        used        free      shared  buff/cache   available
Mem:           15989        2363        6835          49        7187       13626
Swap:           3071           0        3071
=== CPU ===
top - 15:33:20 up 7 min,  0 user,  load average: 5.38, 3.45, 1.49
Tasks: 177 total,   3 running, 174 sleeping,   0 stopped,   0 zombie
%Cpu(s): 72.3 us, 25.5 sy,  0.0 ni,  2.1 id,  0.0 wa,  0.0 hi,  0.0 si,  0.0 st 
MiB Mem :  15989.7 total,   6814.8 free,   2373.2 used,   7197.7 buff/cache     
MiB Swap:   3072.0 total,   3072.0 free,      0.0 used.  13616.5 avail Mem 

    PID USER      PR  NI    VIRT    RES    SHR S  %CPU  %MEM     TIME+ COMMAND
   7662 runner    20   0 1448.2g 217120 158092 R 158.3   1.3   0:00.97 chrome-+
   7652 runner    20   0 1448.2g 238624 169936 R  91.7   1.5   0:01.08 chrome-+
   7668 runner    20   0  438740  28456   4076 S  41.7   0.2   0:00.15 ffmpeg-+
   5893 runner    20   0   48.5g 118348  82844 S  25.0   0.7   2:20.16 chrome-+
   5853 runner    20   0   48.7g 140436 122616 S  16.7   0.9   0:54.73 chrome-+
   5805 runner    20   0   13.9g 496616  69292 S   8.3   3.0   0:17.35 node
   5829 runner    20   0   11.7g 234460  45844 S   8.3   1.4   0:21.07 node
   5923 runner    20   0   48.3g  91288  69696 S   8.3   0.6   0:07.19 chrome-+
-------------------
Thu Jun 11 15:33:25 UTC 2026
=== RAM ===
               total        used        free      shared  buff/cache   available
Mem:           15989        2479        6676          49        7229       13509
Swap:           3071           0        3071
=== CPU ===
top - 15:33:25 up 7 min,  0 user,  load average: 5.78, 3.60, 1.56
Tasks: 177 total,   2 running, 175 sleeping,   0 stopped,   0 zombie
%Cpu(s): 70.5 us, 20.5 sy,  0.0 ni,  9.1 id,  0.0 wa,  0.0 hi,  0.0 si,  0.0 st 
MiB Mem :  15989.7 total,   6672.3 free,   2483.0 used,   7230.4 buff/cache     
MiB Swap:   3072.0 total,   3072.0 free,      0.0 used.  13506.7 avail Mem 

    PID USER      PR  NI    VIRT    RES    SHR S  %CPU  %MEM     TIME+ COMMAND
   5893 runner    20   0   48.5g 117460  86664 S 110.0   0.7   2:23.77 chrome-+
   5881 runner    20   0   48.5g 137588  92824 S 100.0   0.8   2:21.76 chrome-+
   5853 runner    20   0   48.7g 140904 122620 S  30.0   0.9   0:56.27 chrome-+
   7703 runner    20   0  438236  28412   4076 S  30.0   0.2   0:00.31 ffmpeg-+
   7658 runner    20   0  438188  28652   4076 S  20.0   0.2   0:01.13 ffmpeg-+
   7702 runner    20   0 1448.2g 264444 175748 S  20.0   1.6   0:01.72 chrome-+
   5852 runner    20   0   48.7g 144808 123904 S  10.0   0.9   0:57.44 chrome-+
   7726 runner    20   0   12376   5496   3352 R  10.0   0.0   0:00.01 top
-------------------
Thu Jun 11 15:33:30 UTC 2026
=== RAM ===
               total        used        free      shared  buff/cache   available
Mem:           15989        2497        6663          49        7224       13491
Swap:           3071           0        3071
=== CPU ===
top - 15:33:30 up 7 min,  0 user,  load average: 5.72, 3.63, 1.58
Tasks: 177 total,   2 running, 175 sleeping,   0 stopped,   0 zombie
%Cpu(s): 55.6 us, 22.2 sy,  0.0 ni, 22.2 id,  0.0 wa,  0.0 hi,  0.0 si,  0.0 st 
MiB Mem :  15989.7 total,   6676.0 free,   2477.2 used,   7232.5 buff/cache     
MiB Swap:   3072.0 total,   3072.0 free,      0.0 used.  13512.5 avail Mem 

    PID USER      PR  NI    VIRT    RES    SHR S  %CPU  %MEM     TIME+ COMMAND
   5852 runner    20   0   48.7g 154488 132064 R 100.0   0.9   0:58.79 chrome-+
   5881 runner    20   0   48.5g 125428  88404 S 100.0   0.8   2:25.81 chrome-+
   5893 runner    20   0   48.5g 122136  86728 S  90.9   0.7   2:25.91 chrome-+
   5853 runner    20   0   48.7g 140948 122620 S  36.4   0.9   0:57.52 chrome-+
   7751 runner    20   0  438512  28908   4076 S  18.2   0.2   0:00.36 ffmpeg-+
   5829 runner    20   0   11.7g 235024  45844 S   9.1   1.4   0:22.25 node
   7730 runner    20   0 1448.2g 268156 177988 S   9.1   1.6   0:02.00 chrome-+
   7774 runner    20   0   12376   5516   3372 R   9.1   0.0   0:00.01 top
-------------------
Thu Jun 11 15:33:35 UTC 2026
=== RAM ===
               total        used        free      shared  buff/cache   available
Mem:           15989        2512        6626          49        7246       13477
Swap:           3071           0        3071
=== CPU ===
top - 15:33:36 up 7 min,  0 user,  load average: 5.42, 3.60, 1.58
Tasks: 177 total,   2 running, 175 sleeping,   0 stopped,   0 zombie
%Cpu(s): 74.0 us, 16.0 sy,  0.0 ni, 10.0 id,  0.0 wa,  0.0 hi,  0.0 si,  0.0 st 
MiB Mem :  15989.7 total,   6626.6 free,   2512.5 used,   7246.6 buff/cache     
MiB Swap:   3072.0 total,   3072.0 free,      0.0 used.  13477.2 avail Mem 

    PID USER      PR  NI    VIRT    RES    SHR S  %CPU  %MEM     TIME+ COMMAND
   5893 runner    20   0   48.5g 125432  92156 S  83.3   0.8   2:30.40 chrome-+
   5881 runner    20   0   48.5g 130308  88468 S  66.7   0.8   2:29.75 chrome-+
   5829 runner    20   0   11.7g 232628  45844 S  33.3   1.4   0:22.76 node
   7777 runner    20   0 1448.2g 276968 189420 R  33.3   1.7   0:01.78 chrome-+
   5852 runner    20   0   48.7g 146560 123976 S  16.7   0.9   1:00.17 chrome-+
   5853 runner    20   0   48.7g 142144 122620 S  16.7   0.9   0:59.07 chrome-+
   7751 runner    20   0  438608  29324   4076 S  16.7   0.2   0:01.31 ffmpeg-+
   7783 runner    20   0  437032  26592   4076 S  16.7   0.2   0:00.43 ffmpeg-+
-------------------
Thu Jun 11 15:33:41 UTC 2026
=== RAM ===
               total        used        free      shared  buff/cache   available
Mem:           15989        2341        6907          49        7137       13648
Swap:           3071           0        3071
=== CPU ===
top - 15:33:41 up 7 min,  0 user,  load average: 5.63, 3.67, 1.62
Tasks: 177 total,   4 running, 173 sleeping,   0 stopped,   0 zombie
%Cpu(s): 79.2 us, 20.8 sy,  0.0 ni,  0.0 id,  0.0 wa,  0.0 hi,  0.0 si,  0.0 st 
MiB Mem :  15989.7 total,   6882.1 free,   2342.2 used,   7161.4 buff/cache     
MiB Swap:   3072.0 total,   3072.0 free,      0.0 used.  13647.5 avail Mem 

    PID USER      PR  NI    VIRT    RES    SHR S  %CPU  %MEM     TIME+ COMMAND
   7825 runner    20   0 1448.2g 213752 157388 R  92.3   1.3   0:00.90 chrome-+
   7847 runner    20   0 1448.1g 115500  84968 R  53.8   0.7   0:00.17 chrome-+
   7826 runner    20   0  437892  27408   4076 S  38.5   0.2   0:00.13 ffmpeg-+
   5881 runner    20   0   48.4g  98064  58836 S  30.8   0.6   2:33.86 chrome-+
   5923 runner    20   0   48.3g  90988  69696 S  30.8   0.6   0:08.12 chrome-+
   5853 runner    20   0   48.7g 139908 122620 S  23.1   0.9   1:00.86 chrome-+
   5929 runner    20   0   48.3g  90004  70836 S  23.1   0.5   0:08.47 chrome-+
   5805 runner    20   0   13.9g 506540  69292 R  15.4   3.1   0:18.62 node
-------------------
Thu Jun 11 15:33:46 UTC 2026
=== RAM ===
               total        used        free      shared  buff/cache   available
Mem:           15989        2427        6752          49        7205       13561
Swap:           3071           0        3071
=== CPU ===
top - 15:33:46 up 7 min,  0 user,  load average: 6.06, 3.80, 1.67
Tasks: 177 total,   3 running, 174 sleeping,   0 stopped,   0 zombie
%Cpu(s): 77.6 us, 22.4 sy,  0.0 ni,  0.0 id,  0.0 wa,  0.0 hi,  0.0 si,  0.0 st 
MiB Mem :  15989.7 total,   6731.6 free,   2438.3 used,   7215.7 buff/cache     
MiB Swap:   3072.0 total,   3072.0 free,      0.0 used.  13551.4 avail Mem 

    PID USER      PR  NI    VIRT    RES    SHR S  %CPU  %MEM     TIME+ COMMAND
   7897 runner    20   0 1448.2g 214268 155464 R 141.7   1.3   0:00.86 chrome-+
   7877 runner    20   0 1448.2g 234052 166868 R  66.7   1.4   0:01.11 chrome-+
   5929 runner    20   0   48.3g  94708  70840 S  33.3   0.6   0:08.88 chrome-+
   5828 runner    20   0   11.8g 240824  46032 S  25.0   1.5   0:22.99 node
   5881 runner    20   0   48.5g 116696  74440 S  25.0   0.7   2:37.13 chrome-+
   5852 runner    20   0   48.7g 145028 123960 S  16.7   0.9   1:03.52 chrome-+
   7903 runner    20   0  437684  26848   4076 S  16.7   0.2   0:00.11 ffmpeg-+
   2165 runner    20   0  262.0g 140800  89008 S   8.3   0.9   0:08.11 Runner.+
-------------------
Thu Jun 11 15:33:51 UTC 2026
=== RAM ===
               total        used        free      shared  buff/cache   available
Mem:           15989        2501        6600          49        7283       13488
Swap:           3071           0        3071
=== CPU ===
top - 15:33:51 up 7 min,  0 user,  load average: 6.61, 3.95, 1.73
Tasks: 177 total,   1 running, 176 sleeping,   0 stopped,   0 zombie
%Cpu(s): 85.1 us, 14.9 sy,  0.0 ni,  0.0 id,  0.0 wa,  0.0 hi,  0.0 si,  0.0 st 
MiB Mem :  15989.7 total,   6600.3 free,   2502.3 used,   7283.0 buff/cache     
MiB Swap:   3072.0 total,   3072.0 free,      0.0 used.  13487.4 avail Mem 

    PID USER      PR  NI    VIRT    RES    SHR S  %CPU  %MEM     TIME+ COMMAND
   5893 runner    20   0   48.5g 132120  99276 S  83.3   0.8   2:40.77 chrome-+
   5881 runner    20   0   48.5g 136888  92308 S  66.7   0.8   2:40.86 chrome-+
   7925 runner    20   0 1448.2g 282200 190484 S  50.0   1.7   0:01.84 chrome-+
   7877 runner    20   0 1448.2g 281220 186960 S  25.0   1.7   0:02.34 chrome-+
   5828 runner    20   0   11.8g 241524  46032 S  16.7   1.5   0:23.61 node
   5852 runner    20   0   48.7g 144920 123972 S  16.7   0.9   1:04.83 chrome-+
   7883 runner    20   0  563648  23660   4076 S  16.7   0.1   0:01.17 ffmpeg-+
   7926 runner    20   0  436188  25416   4076 S  16.7   0.2   0:00.33 ffmpeg-+
-------------------
Thu Jun 11 15:33:57 UTC 2026
=== RAM ===
               total        used        free      shared  buff/cache   available
Mem:           15989        2506        6609          49        7269       13483
Swap:           3071           0        3071
=== CPU ===
top - 15:33:57 up 7 min,  0 user,  load average: 7.13, 4.10, 1.79
Tasks: 177 total,   3 running, 174 sleeping,   0 stopped,   0 zombie
%Cpu(s): 85.1 us, 14.9 sy,  0.0 ni,  0.0 id,  0.0 wa,  0.0 hi,  0.0 si,  0.0 st 
MiB Mem :  15989.7 total,   6602.6 free,   2512.2 used,   7271.1 buff/cache     
MiB Swap:   3072.0 total,   3072.0 free,      0.0 used.  13477.5 avail Mem 

    PID USER      PR  NI    VIRT    RES    SHR S  %CPU  %MEM     TIME+ COMMAND
   8034 runner    20   0 1448.2g 283588 180280 R 100.0   1.7   0:02.48 chrome-+
   5881 runner    20   0   48.5g 131948  90004 S  75.0   0.8   2:44.31 chrome-+
   5893 runner    20   0   48.5g 132900  93692 S  75.0   0.8   2:44.33 chrome-+
   5853 runner    20   0   48.7g 150904 130724 R  66.7   0.9   1:05.21 chrome-+
   5852 runner    20   0   48.7g 144404 123964 S  25.0   0.9   1:06.05 chrome-+
   8040 runner    20   0  438256  28364   4076 S  25.0   0.2   0:00.75 ffmpeg-+
   1084 root      20   0 1932992  46684  31196 S   8.3   0.3   0:00.48 contain+
   8012 runner    20   0 1448.2g 289500 186056 S   8.3   1.8   0:02.73 chrome-+
-------------------
Thu Jun 11 15:34:02 UTC 2026
=== RAM ===
               total        used        free      shared  buff/cache   available
Mem:           15989        2573        6540          49        7271       13416
Swap:           3071           0        3071
=== CPU ===
top - 15:34:02 up 7 min,  0 user,  load average: 7.04, 4.13, 1.81
Tasks: 177 total,   1 running, 176 sleeping,   0 stopped,   0 zombie
%Cpu(s): 59.1 us, 22.7 sy,  0.0 ni, 18.2 id,  0.0 wa,  0.0 hi,  0.0 si,  0.0 st 
MiB Mem :  15989.7 total,   6540.1 free,   2573.8 used,   7272.0 buff/cache     
MiB Swap:   3072.0 total,   3072.0 free,      0.0 used.  13415.9 avail Mem 

    PID USER      PR  NI    VIRT    RES    SHR S  %CPU  %MEM     TIME+ COMMAND
   5881 runner    20   0   48.5g 133808  92812 S 100.0   0.8   2:47.91 chrome-+
   5893 runner    20   0   48.5g 131524  96376 S  81.8   0.8   2:48.04 chrome-+
   5853 runner    20   0   48.7g 141020 122620 S  18.2   0.9   1:06.57 chrome-+
   8062 runner    20   0  440236  31216   4076 S  18.2   0.2   0:00.77 ffmpeg-+
   8080 runner    20   0 1448.2g 282516 184460 S  18.2   1.7   0:02.11 chrome-+
   8086 runner    20   0  439528  30332   4076 S  18.2   0.2   0:00.69 ffmpeg-+
   5852 runner    20   0   48.7g 145308 123964 S   9.1   0.9   1:07.46 chrome-+
   8105 runner    20   0   12376   5516   3372 R   9.1   0.0   0:00.01 top
-------------------
Thu Jun 11 15:34:07 UTC 2026
=== RAM ===
               total        used        free      shared  buff/cache   available
Mem:           15989        2499        6597          49        7288       13490
Swap:           3071           0        3071
=== CPU ===
top - 15:34:07 up 7 min,  0 user,  load average: 7.19, 4.21, 1.85
Tasks: 177 total,   1 running, 176 sleeping,   0 stopped,   0 zombie
%Cpu(s): 74.4 us, 14.0 sy,  0.0 ni, 11.6 id,  0.0 wa,  0.0 hi,  0.0 si,  0.0 st 
MiB Mem :  15989.7 total,   6597.5 free,   2499.3 used,   7289.1 buff/cache     
MiB Swap:   3072.0 total,   3072.0 free,      0.0 used.  13490.4 avail Mem 

    PID USER      PR  NI    VIRT    RES    SHR S  %CPU  %MEM     TIME+ COMMAND
   5893 runner    20   0   48.5g 143028 102732 S  90.9   0.9   2:51.62 chrome-+
   5881 runner    20   0   48.5g 126848  90072 S  81.8   0.8   2:51.62 chrome-+
   8115 runner    20   0  438256  29212   4076 S  72.7   0.2   0:00.73 ffmpeg-+
   5853 runner    20   0   48.7g 141140 122620 S  63.6   0.9   1:08.49 chrome-+
   8138 runner    20   0  438588  28968   4076 S  18.2   0.2   0:00.35 ffmpeg-+
   5829 runner    20   0   11.7g 246000  45844 S   9.1   1.5   0:25.94 node
   5852 runner    20   0   48.7g 143292 123964 S   9.1   0.9   1:08.79 chrome-+
   8110 runner    20   0 1448.2g 273040 183516 S   9.1   1.7   0:02.06 chrome-+
-------------------
Thu Jun 11 15:34:12 UTC 2026
=== RAM ===
               total        used        free      shared  buff/cache   available
Mem:           15989        2558        6540          49        7287       13430
Swap:           3071           0        3071
=== CPU ===
top - 15:34:12 up 7 min,  0 user,  load average: 6.86, 4.19, 1.86
Tasks: 177 total,   3 running, 174 sleeping,   0 stopped,   0 zombie
%Cpu(s): 79.1 us, 14.0 sy,  0.0 ni,  7.0 id,  0.0 wa,  0.0 hi,  0.0 si,  0.0 st 
MiB Mem :  15989.7 total,   6535.8 free,   2562.7 used,   7287.4 buff/cache     
MiB Swap:   3072.0 total,   3072.0 free,      0.0 used.  13427.0 avail Mem 

    PID USER      PR  NI    VIRT    RES    SHR S  %CPU  %MEM     TIME+ COMMAND
   5852 runner    20   0   48.7g 145036 123964 R 100.0   0.9   1:10.09 chrome-+
   5881 runner    20   0   48.5g 129800  92804 S  90.9   0.8   2:55.95 chrome-+
   5893 runner    20   0   48.5g 121600  86024 S  81.8   0.7   2:54.94 chrome-+
   8187 runner    20   0  436260  25416   4076 S  27.3   0.2   0:00.27 ffmpeg-+
   2098 runner    20   0 1235412  17104   8892 S   9.1   0.1   0:00.11 hosted-+
   5853 runner    20   0   48.7g 140956 122624 S   9.1   0.9   1:10.05 chrome-+
   8132 runner    20   0 1448.2g 297924 176780 S   9.1   1.8   0:02.97 chrome-+
   8181 runner    20   0 1448.2g 257012 178400 S   9.1   1.6   0:01.45 chrome-+
-------------------
